start load env and run python
Resetting modules to system default
Resetting modules to system default
/cm/local/apps/slurm/var/spool/job1130703/slurm_script: line 17: activate: No such file or directory
/home/harishbabu/.conda/envs/taming3/bin/python
Log dir:  ./runs/cub_subset1-depth=4-ep100
Num classes (k) =  2
Traceback (most recent call last):
  File "main_tree.py", line 165, in <module>
    run_tree(args)
  File "main_tree.py", line 47, in run_tree
    features_net, add_on_layers = get_network(num_channels, args)
  File "/home/harishbabu/projects/ProtoTree/util/net.py", line 35, in get_network
    features = base_architecture_to_features[args.net](pretrained=not args.disable_pretrained)            
  File "/home/harishbabu/projects/ProtoTree/features/resnet_features.py", line 280, in resnet50_features_inat
    model_dict = torch.load(os.path.join(os.path.join('features', 'state_dicts'), 'BBN.iNaturalist2017.res50.180epoch.best_model.pth'))
  File "/home/harishbabu/.conda/envs/taming3/lib/python3.8/site-packages/torch/serialization.py", line 581, in load
    with _open_file_like(f, 'rb') as opened_file:
  File "/home/harishbabu/.conda/envs/taming3/lib/python3.8/site-packages/torch/serialization.py", line 230, in _open_file_like
    return _open_file(name_or_buffer, mode)
  File "/home/harishbabu/.conda/envs/taming3/lib/python3.8/site-packages/torch/serialization.py", line 211, in __init__
    super(_open_file, self).__init__(open(name, mode))
FileNotFoundError: [Errno 2] No such file or directory: 'features/state_dicts/BBN.iNaturalist2017.res50.180epoch.best_model.pth'
